
FAILURE: Build failed with an exception.

* Where:
Build file '/Users/noahk/Desktop/Modding/FriendNamer/build.gradle' line: 302

* What went wrong:
A problem occurred evaluating root project 'FriendNamer'.
> No such property: versionversion for class: org.gradle.api.internal.project.DefaultProject_Decorated

* Try:
Run with --stacktrace option to get the stack trace. Run with --info or --debug option to get more log output.

BUILD FAILED

Total time: 8.461 secs
